# JRE version: OpenJDK Runtime Environment (11.0.10) (build 11.0.10+0-b96-7249189)
# Java VM: OpenJDK 64-Bit Server VM (11.0.10+0-b96-7249189, mixed mode, tiered, compressed oops, g1 gc, windows-amd64)
Heap:
 garbage-first heap   total 386048K, used 174624K [0x0000000080000000, 0x0000000100000000)
  region size 1024K, 21 young (21504K), 6 survivors (6144K)
 Metaspace       used 146348K, capacity 151941K, committed 152140K, reserved 1181696K
  class space    used 18080K, capacity 20029K, committed 20044K, reserved 1048576K
GC Heap History (20 events):
Event: 3491.767 GC heap before
{Heap before GC invocations=285 (full 0):
 garbage-first heap   total 313344K, used 200287K [0x0000000080000000, 0x0000000100000000)
  region size 1024K, 48 young (49152K), 1 survivors (1024K)
 Metaspace       used 145950K, capacity 151521K, committed 151628K, reserved 1181696K
  class space    used 18063K, capacity 20023K, committed 20044K, reserved 1048576K
}
Event: 3491.787 GC heap after
{Heap after GC invocations=286 (full 0):
 garbage-first heap   total 386048K, used 147178K [0x0000000080000000, 0x0000000100000000)
  region size 1024K, 5 young (5120K), 5 survivors (5120K)
 Metaspace       used 145950K, capacity 151521K, committed 151628K, reserved 1181696K
  class space    used 18063K, capacity 20023K, committed 20044K, reserved 1048576K
}
Event: 3498.870 GC heap before
{Heap before GC invocations=287 (full 0):
 garbage-first heap   total 386048K, used 292586K [0x0000000080000000, 0x0000000100000000)
  region size 1024K, 132 young (135168K), 5 survivors (5120K)
 Metaspace       used 146211K, capacity 151800K, committed 151884K, reserved 1181696K
  class space    used 18079K, capacity 20029K, committed 20044K, reserved 1048576K
}
Event: 3498.898 GC heap after
{Heap after GC invocations=288 (full 0):
 garbage-first heap   total 386048K, used 151494K [0x0000000080000000, 0x0000000100000000)
  region size 1024K, 10 young (10240K), 10 survivors (10240K)
 Metaspace       used 146211K, capacity 151800K, committed 151884K, reserved 1181696K
  class space    used 18079K, capacity 20029K, committed 20044K, reserved 1048576K
}
Event: 3499.131 GC heap before
{Heap before GC invocations=288 (full 0):
 garbage-first heap   total 386048K, used 158662K [0x0000000080000000, 0x0000000100000000)
  region size 1024K, 18 young (18432K), 10 survivors (10240K)
 Metaspace       used 146212K, capacity 151800K, committed 151884K, reserved 1181696K
  class space    used 18079K, capacity 20029K, committed 20044K, reserved 1048576K
}
Event: 3499.175 GC heap after
{Heap after GC invocations=289 (full 0):
 garbage-first heap   total 386048K, used 146355K [0x0000000080000000, 0x0000000100000000)
  region size 1024K, 3 young (3072K), 3 survivors (3072K)
 Metaspace       used 146212K, capacity 151800K, committed 151884K, reserved 1181696K
  class space    used 18079K, capacity 20029K, committed 20044K, reserved 1048576K
}
Event: 3499.276 GC heap before
{Heap before GC invocations=289 (full 0):
 garbage-first heap   total 386048K, used 153523K [0x0000000080000000, 0x0000000100000000)
  region size 1024K, 11 young (11264K), 3 survivors (3072K)
 Metaspace       used 146231K, capacity 151800K, committed 151884K, reserved 1181696K
  class space    used 18079K, capacity 20029K, committed 20044K, reserved 1048576K
}
Event: 3499.297 GC heap after
{Heap after GC invocations=290 (full 0):
 garbage-first heap   total 386048K, used 148296K [0x0000000080000000, 0x0000000100000000)
  region size 1024K, 5 young (5120K), 5 survivors (5120K)
 Metaspace       used 146231K, capacity 151800K, committed 151884K, reserved 1181696K
  class space    used 18079K, capacity 20029K, committed 20044K, reserved 1048576K
}
Event: 3500.580 GC heap before
{Heap before GC invocations=291 (full 0):
 garbage-first heap   total 386048K, used 249672K [0x0000000080000000, 0x0000000100000000)
  region size 1024K, 102 young (104448K), 5 survivors (5120K)
 Metaspace       used 146256K, capacity 151803K, committed 151884K, reserved 1181696K
  class space    used 18080K, capacity 20029K, committed 20044K, reserved 1048576K
}
Event: 3500.600 GC heap after
{Heap after GC invocations=292 (full 0):
 garbage-first heap   total 386048K, used 163025K [0x0000000080000000, 0x0000000100000000)
  region size 1024K, 13 young (13312K), 13 survivors (13312K)
 Metaspace       used 146256K, capacity 151803K, committed 151884K, reserved 1181696K
  class space    used 18080K, capacity 20029K, committed 20044K, reserved 1048576K
}
Event: 3500.619 GC heap before
{Heap before GC invocations=292 (full 0):
 garbage-first heap   total 386048K, used 168145K [0x0000000080000000, 0x0000000100000000)
  region size 1024K, 18 young (18432K), 13 survivors (13312K)
 Metaspace       used 146264K, capacity 151803K, committed 151884K, reserved 1181696K
  class space    used 18080K, capacity 20029K, committed 20044K, reserved 1048576K
}
Event: 3500.646 GC heap after
{Heap after GC invocations=293 (full 0):
 garbage-first heap   total 386048K, used 158907K [0x0000000080000000, 0x0000000100000000)
  region size 1024K, 2 young (2048K), 2 survivors (2048K)
 Metaspace       used 146264K, capacity 151803K, committed 151884K, reserved 1181696K
  class space    used 18080K, capacity 20029K, committed 20044K, reserved 1048576K
}
Event: 3501.076 GC heap before
{Heap before GC invocations=293 (full 0):
 garbage-first heap   total 386048K, used 220347K [0x0000000080000000, 0x0000000100000000)
  region size 1024K, 63 young (64512K), 2 survivors (2048K)
 Metaspace       used 146280K, capacity 151805K, committed 151884K, reserved 1181696K
  class space    used 18080K, capacity 20029K, committed 20044K, reserved 1048576K
}
Event: 3501.083 GC heap after
{Heap after GC invocations=294 (full 0):
 garbage-first heap   total 386048K, used 158813K [0x0000000080000000, 0x0000000100000000)
  region size 1024K, 2 young (2048K), 2 survivors (2048K)
 Metaspace       used 146280K, capacity 151805K, committed 151884K, reserved 1181696K
  class space    used 18080K, capacity 20029K, committed 20044K, reserved 1048576K
}
Event: 3501.468 GC heap before
{Heap before GC invocations=295 (full 0):
 garbage-first heap   total 386048K, used 274338K [0x0000000080000000, 0x0000000100000000)
  region size 1024K, 110 young (112640K), 2 survivors (2048K)
 Metaspace       used 146315K, capacity 151873K, committed 152140K, reserved 1181696K
  class space    used 18080K, capacity 20029K, committed 20044K, reserved 1048576K
}
Event: 3501.474 GC heap after
{Heap after GC invocations=296 (full 0):
 garbage-first heap   total 386048K, used 161549K [0x0000000080000000, 0x0000000100000000)
  region size 1024K, 5 young (5120K), 5 survivors (5120K)
 Metaspace       used 146315K, capacity 151873K, committed 152140K, reserved 1181696K
  class space    used 18080K, capacity 20029K, committed 20044K, reserved 1048576K
}
Event: 3501.495 GC heap before
{Heap before GC invocations=296 (full 0):
 garbage-first heap   total 386048K, used 174861K [0x0000000080000000, 0x0000000100000000)
  region size 1024K, 18 young (18432K), 5 survivors (5120K)
 Metaspace       used 146326K, capacity 151876K, committed 152140K, reserved 1181696K
  class space    used 18080K, capacity 20029K, committed 20044K, reserved 1048576K
}
Event: 3501.508 GC heap after
{Heap after GC invocations=297 (full 0):
 garbage-first heap   total 386048K, used 159255K [0x0000000080000000, 0x0000000100000000)
  region size 1024K, 3 young (3072K), 3 survivors (3072K)
 Metaspace       used 146326K, capacity 151876K, committed 152140K, reserved 1181696K
  class space    used 18080K, capacity 20029K, committed 20044K, reserved 1048576K
}
Event: 3501.566 GC heap before
{Heap before GC invocations=297 (full 0):
 garbage-first heap   total 386048K, used 180759K [0x0000000080000000, 0x0000000100000000)
  region size 1024K, 26 young (26624K), 3 survivors (3072K)
 Metaspace       used 146338K, capacity 151940K, committed 152140K, reserved 1181696K
  class space    used 18080K, capacity 20029K, committed 20044K, reserved 1048576K
}
Event: 3501.574 GC heap after
{Heap after GC invocations=298 (full 0):
 garbage-first heap   total 386048K, used 162336K [0x0000000080000000, 0x0000000100000000)
  region size 1024K, 6 young (6144K), 6 survivors (6144K)
 Metaspace       used 146338K, capacity 151940K, committed 152140K, reserved 1181696K
  class space    used 18080K, capacity 20029K, committed 20044K, reserved 1048576K
}

